<?xml version="1.0" encoding="UTF-8"?>
<testng-results ignored="0" total="1" passed="1" failed="0" skipped="0">
  <reporter-output>
  </reporter-output>
  <suite started-at="2022-05-20T02:08:36 PDT" name="Default suite" finished-at="2022-05-20T02:08:40 PDT" duration-ms="3552">
    <groups>
    </groups>
    <test started-at="2022-05-20T02:08:36 PDT" name="Default test" finished-at="2022-05-20T02:08:40 PDT" duration-ms="3552">
      <class name="com.pageTest.logInPageActions">
        <test-method is-config="true" signature="LaunchBrowser()[pri:0, instance:com.pageTest.logInPageActions@5e82df6a]" started-at="2022-05-20T02:08:36 PDT" name="LaunchBrowser" finished-at="2022-05-20T02:08:38 PDT" duration-ms="1121" status="PASS">
          <reporter-output>
          </reporter-output>
        </test-method> <!-- LaunchBrowser -->
        <test-method signature="logInPageCredentials()[pri:0, instance:com.pageTest.logInPageActions@5e82df6a]" started-at="2022-05-20T02:08:38 PDT" name="logInPageCredentials" finished-at="2022-05-20T02:08:40 PDT" duration-ms="2270" status="PASS">
          <reporter-output>
          </reporter-output>
        </test-method> <!-- logInPageCredentials -->
        <test-method is-config="true" signature="teardDown()[pri:0, instance:com.pageTest.logInPageActions@5e82df6a]" started-at="2022-05-20T02:08:40 PDT" name="teardDown" finished-at="2022-05-20T02:08:40 PDT" duration-ms="141" status="PASS">
          <reporter-output>
          </reporter-output>
        </test-method> <!-- teardDown -->
      </class> <!-- com.pageTest.logInPageActions -->
    </test> <!-- Default test -->
  </suite> <!-- Default suite -->
</testng-results>
